<?xml version="1.0" encoding="UTF-8"?>
<testng-results ignored="0" total="1" passed="1" failed="0" skipped="0">
  <reporter-output>
  </reporter-output>
  <suite started-at="2025-08-31T22:08:49 BRT" name="Default suite" finished-at="2025-08-31T22:08:54 BRT" duration-ms="4638">
    <groups>
    </groups>
    <test started-at="2025-08-31T22:08:49 BRT" name="Default test" finished-at="2025-08-31T22:08:54 BRT" duration-ms="4638">
      <class name="testes.OpenSiteTest">
        <test-method is-config="true" signature="setUp()[pri:0, instance:testes.OpenSiteTest@563f38c4]" started-at="2025-08-31T22:08:49 BRT" name="setUp" finished-at="2025-08-31T22:08:50 BRT" duration-ms="1018" status="PASS">
          <reporter-output>
          </reporter-output>
        </test-method> <!-- setUp -->
        <test-method signature="testPageTitle()[pri:0, instance:testes.OpenSiteTest@563f38c4]" started-at="2025-08-31T22:08:50 BRT" name="testPageTitle" finished-at="2025-08-31T22:08:53 BRT" duration-ms="3478" status="PASS">
          <reporter-output>
          </reporter-output>
        </test-method> <!-- testPageTitle -->
        <test-method is-config="true" signature="tearDown()[pri:0, instance:testes.OpenSiteTest@563f38c4]" started-at="2025-08-31T22:08:53 BRT" name="tearDown" finished-at="2025-08-31T22:08:54 BRT" duration-ms="112" status="PASS">
          <reporter-output>
          </reporter-output>
        </test-method> <!-- tearDown -->
      </class> <!-- testes.OpenSiteTest -->
    </test> <!-- Default test -->
  </suite> <!-- Default suite -->
</testng-results>
